📋 COMPONENT DISCOVERY REPORT
Generated: Thu Jul 31 13:09:19 UTC 2025
Pattern: Layered Zero Trust
=================================

[13:09:19] Discovering details for vault-app (infrastructure)...
[13:09:19] Component: vault-app
[13:09:19]   ✅ namespace: Found 'vault' in infrastructure default

[13:09:19] Component: vault-app
[13:09:19]   ✅ version: Found '0.1.*' in values-hub.yaml applications.vault.chartVersion

[13:09:19] Discovering details for gitops-operator (operators)...
[13:09:19] Component: gitops-operator
[13:09:19]   ✅ namespace: Found 'openshift-gitops' in infrastructure default

[13:09:19] Component: gitops-operator
[13:09:19]   ✅ version: Found 'stable' in infrastructure default

[13:09:19] Component: gitops-operator
[13:09:19]   ✅ subscription_name: Found 'UNKNOWN (no subscription mapping for component gitops-operator)' in 

[13:09:19] Discovering details for cert-manager-op (operators)...
[13:09:19] Component: cert-manager-op
[13:09:19]   ✅ namespace: Found 'cert-manager-operator' in values-hub.yaml subscriptions.cert-manager.namespace

[13:09:19] Component: cert-manager-op
[13:09:19]   ✅ version: Found 'stable-v1' in values-hub.yaml subscriptions.cert-manager.channel

[13:09:19] Component: cert-manager-op
[13:09:19]   ✅ subscription_name: Found 'openshift-cert-manager-operator' in values-hub.yaml subscriptions.cert-manager.name

[13:09:19] Discovering details for keycloak-op (operators)...
[13:09:19] Component: keycloak-op
[13:09:19]   ✅ namespace: Found 'keycloak-system' in values-hub.yaml subscriptions.rhbk.namespace

[13:09:19] Component: keycloak-op
[13:09:19]   ✅ version: Found 'stable-v26.2' in values-hub.yaml subscriptions.rhbk.channel

[13:09:19] Component: keycloak-op
[13:09:19]   ✅ subscription_name: Found 'rhbk-operator' in values-hub.yaml subscriptions.rhbk.name

[13:09:19] Discovering details for spire-op (operators)...
[13:09:19] Component: spire-op
[13:09:19]   ✅ namespace: Found 'zero-trust-workload-identity-manager' in values-hub.yaml subscriptions.zero-trust-workload-identity-manager.namespace

[13:09:19] Component: spire-op
[13:09:19]   ✅ version: Found 'tech-preview-v0.1' in values-hub.yaml subscriptions.zero-trust-workload-identity-manager.channel

[13:09:19] Component: spire-op
[13:09:19]   ✅ subscription_name: Found 'openshift-zero-trust-workload-identity-manager' in values-hub.yaml subscriptions.zero-trust-workload-identity-manager.name

[13:09:19] Discovering details for compliance-op (operators)...
[13:09:19] Component: compliance-op
[13:09:19]   ✅ namespace: Found 'openshift-compliance' in values-hub.yaml subscriptions.compliance-operator.namespace

[13:09:19] Component: compliance-op
[13:09:19]   ✅ version: Found 'stable' in values-hub.yaml subscriptions.compliance-operator.channel

[13:09:19] Component: compliance-op
[13:09:19]   ✅ subscription_name: Found 'compliance-operator' in values-hub.yaml subscriptions.compliance-operator.name

[13:09:19] Discovering details for eso-app (applications)...
[13:09:19] Component: eso-app
[13:09:19]   ✅ namespace: Found 'golang-external-secrets' in values-hub.yaml applications.golang-external-secrets.namespace

[13:09:19] Component: eso-app
[13:09:19]   ✅ version: Found '0.1.*' in values-hub.yaml applications.golang-external-secrets.chartVersion

[13:09:19] Component: eso-app
[13:09:19]   ✅ argocd_app_name: Found 'golang-external-secrets' in component mapping

[13:09:19] Discovering details for cert-manager-app (applications)...
[13:09:19] Component: cert-manager-app
[13:09:19]   ✅ namespace: Found 'cert-manager-operator' in values-hub.yaml applications.rh-cert-manager.namespace

[13:09:19] Component: cert-manager-app
[13:09:19]   ✅ version: Found 'UNKNOWN (no chartVersion or path specified)' in 

[13:09:19] Component: cert-manager-app
[13:09:19]   ✅ argocd_app_name: Found 'rh-cert-manager' in component mapping

[13:09:19] Discovering details for keycloak-app (applications)...
[13:09:19] Component: keycloak-app
[13:09:19]   ✅ namespace: Found 'keycloak-system' in values-hub.yaml applications.rh-keycloak.namespace

[13:09:19] Component: keycloak-app
[13:09:19]   ✅ version: Found 'UNKNOWN (no chartVersion or path specified)' in 

[13:09:19] Component: keycloak-app
[13:09:19]   ✅ argocd_app_name: Found 'rh-keycloak' in component mapping

[13:09:19] Discovering details for spire-app (applications)...
[13:09:19] Component: spire-app
[13:09:19]   ✅ namespace: Found 'zero-trust-workload-identity-manager' in values-hub.yaml applications.zero-trust-workload-identity-manager.namespace

[13:09:19] Component: spire-app
[13:09:19]   ✅ version: Found 'UNKNOWN (no chartVersion or path specified)' in 

[13:09:19] Component: spire-app
[13:09:19]   ✅ argocd_app_name: Found 'zero-trust-workload-identity-manager' in component mapping

[13:09:19] Discovering details for pattern-cr (pattern_controller)...
[13:09:19] Component: pattern-cr
[13:09:19]   ✅ namespace: Found 'openshift-operators' in infrastructure default

[13:09:19] Component: pattern-cr
[13:09:19]   ✅ version: Found 'UNKNOWN (no pattern revision found in values-global.yaml)' in 


📊 DISCOVERY SUMMARY
===================
✅ Successful discoveries: 4
❌ Failed discoveries: 0

